{"C:\\Users\\SaiSree\\Desktop\\sonar-poc\\src\\components\\atoms\\Icon\\index.tsx": {"path":"C:\\Users\\SaiSree\\Desktop\\sonar-poc\\src\\components\\atoms\\Icon\\index.tsx","statementMap":{"0":{"start":{"line":2,"column":0},"end":{"line":2,"column":43}},"1":{"start":{"line":9,"column":13},"end":{"line":20,"column":1}},"2":{"start":{"line":10,"column":4},"end":{"line":19,"column":null}},"3":{"start":{"line":21,"column":0},"end":{"line":21,"column":20}}},"fnMap":{"0":{"name":"(anonymous_1)","decl":{"start":{"line":9,"column":13},"end":{"line":9,"column":14}},"loc":{"start":{"line":9,"column":29},"end":{"line":20,"column":1}}}},"branchMap":{},"s":{"0":1,"1":1,"2":6,"3":1},"f":{"0":6},"b":{}}
,"C:\\Users\\SaiSree\\Desktop\\sonar-poc\\src\\components\\atoms\\Image\\index.tsx": {"path":"C:\\Users\\SaiSree\\Desktop\\sonar-poc\\src\\components\\atoms\\Image\\index.tsx","statementMap":{"0":{"start":{"line":9,"column":21},"end":{"line":13,"column":1}},"1":{"start":{"line":10,"column":2},"end":{"line":12,"column":4}},"2":{"start":{"line":9,"column":13},"end":{"line":9,"column":21}}},"fnMap":{"0":{"name":"(anonymous_0)","decl":{"start":{"line":9,"column":21},"end":{"line":9,"column":22}},"loc":{"start":{"line":9,"column":34},"end":{"line":13,"column":1}}}},"branchMap":{},"s":{"0":1,"1":3,"2":1},"f":{"0":3},"b":{}}
}
